<?xml version="1.0" encoding="UTF-8"?>
<!-- Generated by org.testng.reporters.JUnitXMLReporter -->
<testsuite hostname="RACLAP80-COMP" ignored="0" name="PNB MetLife(failed)" tests="5" failures="0" timestamp="15 Aug 2021 08:40:21 GMT" time="727.664" errors="0">
  <testcase name="@BeforeMethod launchApplication" time="0.0" classname="com.Ebranch.TestCases.eBranch_loginTest">
    <failure type="org.openqa.selenium.TimeoutException" message="Expected condition failed: waiting for url to be &amp;quot;https://uat-ebranchnxt.pnbmetlife.com/ebranch-nxt/&amp;quot;. Current url: &amp;quot;https://uat-ebranchnxt.pnbmetlife.com/ebranch-nxt/login&amp;quot; (tried for 250 second(s) with 500 milliseconds interval)
Build info: version: &amp;apos;3.14.0&amp;apos;, revision: &amp;apos;aacccce0&amp;apos;, time: &amp;apos;2018-08-02T20:19:58.91Z&amp;apos;
System info: host: &amp;apos;RACLAP80-COMP&amp;apos;, ip: &amp;apos;172.10.0.7&amp;apos;, os.name: &amp;apos;Windows 10&amp;apos;, os.arch: &amp;apos;amd64&amp;apos;, os.version: &amp;apos;10.0&amp;apos;, java.version: &amp;apos;1.8.0_191&amp;apos;
Driver info: org.openqa.selenium.chrome.ChromeDriver
Capabilities {acceptInsecureCerts: false, browserName: chrome, browserVersion: 83.0.4103.61, chrome: {chromedriverVersion: 83.0.4103.39 (ccbf011cb2d2b..., userDataDir: C:\Users\NIKITA~1.GYA\AppDa...}, goog:chromeOptions: {debuggerAddress: localhost:56233}, javascriptEnabled: true, networkConnectionEnabled: false, pageLoadStrategy: normal, platform: WINDOWS, platformName: WINDOWS, proxy: Proxy(), setWindowRect: true, strictFileInteractability: false, timeouts: {implicit: 0, pageLoad: 300000, script: 30000}, unhandledPromptBehavior: dismiss and notify, webauthn:virtualAuthenticators: true}
Session ID: e663a9ceccae9b12680742af49fde504">
      <![CDATA[org.openqa.selenium.TimeoutException: Expected condition failed: waiting for url to be "https://uat-ebranchnxt.pnbmetlife.com/ebranch-nxt/". Current url: "https://uat-ebranchnxt.pnbmetlife.com/ebranch-nxt/login" (tried for 250 second(s) with 500 milliseconds interval)
Build info: version: '3.14.0', revision: 'aacccce0', time: '2018-08-02T20:19:58.91Z'
System info: host: 'RACLAP80-COMP', ip: '172.10.0.7', os.name: 'Windows 10', os.arch: 'amd64', os.version: '10.0', java.version: '1.8.0_191'
Driver info: org.openqa.selenium.chrome.ChromeDriver
Capabilities {acceptInsecureCerts: false, browserName: chrome, browserVersion: 83.0.4103.61, chrome: {chromedriverVersion: 83.0.4103.39 (ccbf011cb2d2b..., userDataDir: C:\Users\NIKITA~1.GYA\AppDa...}, goog:chromeOptions: {debuggerAddress: localhost:56233}, javascriptEnabled: true, networkConnectionEnabled: false, pageLoadStrategy: normal, platform: WINDOWS, platformName: WINDOWS, proxy: Proxy(), setWindowRect: true, strictFileInteractability: false, timeouts: {implicit: 0, pageLoad: 300000, script: 30000}, unhandledPromptBehavior: dismiss and notify, webauthn:virtualAuthenticators: true}
Session ID: e663a9ceccae9b12680742af49fde504
	at org.openqa.selenium.support.ui.WebDriverWait.timeoutException(WebDriverWait.java:113)
	at org.openqa.selenium.support.ui.FluentWait.until(FluentWait.java:283)
	at com.Ebranch.TestCases.eBranch_loginTest.launchApplication(eBranch_loginTest.java:34)
... Removed 27 stack frames]]>
    </failure>
  </testcase> <!-- @BeforeMethod launchApplication -->
  <testcase name="@AfterMethod tearDown" time="0.0" classname="com.Ebranch.TestCases.eBranch_loginTest">
    <skipped/>
  </testcase> <!-- @AfterMethod tearDown -->
  <testcase name="@BeforeMethod launchApplication" time="0.0" classname="com.Ebranch.TestCases.eBranch_loginTest">
    <skipped/>
  </testcase> <!-- @BeforeMethod launchApplication -->
  <testcase name="@AfterMethod tearDown" time="0.0" classname="com.Ebranch.TestCases.eBranch_loginTest">
    <skipped/>
  </testcase> <!-- @AfterMethod tearDown -->
  <testcase name="@BeforeMethod launchApplication" time="0.0" classname="com.Ebranch.TestCases.eBranch_loginTest">
    <skipped/>
  </testcase> <!-- @BeforeMethod launchApplication -->
  <testcase name="@AfterMethod tearDown" time="0.0" classname="com.Ebranch.TestCases.eBranch_loginTest">
    <skipped/>
  </testcase> <!-- @AfterMethod tearDown -->
  <testcase name="@BeforeMethod launchApplication" time="0.0" classname="com.Ebranch.TestCases.eBranch_loginTest">
    <skipped/>
  </testcase> <!-- @BeforeMethod launchApplication -->
  <testcase name="@AfterMethod tearDown" time="0.0" classname="com.Ebranch.TestCases.eBranch_loginTest">
    <skipped/>
  </testcase> <!-- @AfterMethod tearDown -->
  <testcase name="@BeforeMethod launchApplication" time="0.0" classname="com.Ebranch.TestCases.eBranch_loginTest">
    <skipped/>
  </testcase> <!-- @BeforeMethod launchApplication -->
  <testcase name="@AfterMethod tearDown" time="0.0" classname="com.Ebranch.TestCases.eBranch_loginTest">
    <skipped/>
  </testcase> <!-- @AfterMethod tearDown -->
  <testcase name="@AfterClass TearDown" time="0.0" classname="com.Ebranch.TestCases.BaseClass">
    <skipped/>
  </testcase> <!-- @AfterClass TearDown -->
  <testcase name="verifyLogo" time="0.002" classname="com.Ebranch.TestCases.eBranch_loginTest">
    <skipped/>
  </testcase> <!-- verifyLogo -->
  <testcase name="verifySubHeading" time="0.001" classname="com.Ebranch.TestCases.eBranch_loginTest">
    <skipped/>
  </testcase> <!-- verifySubHeading -->
  <testcase name="verifyUsernamePlaceholder" time="0.002" classname="com.Ebranch.TestCases.eBranch_loginTest">
    <skipped/>
  </testcase> <!-- verifyUsernamePlaceholder -->
  <testcase name="verifyPswdPlaceholder" time="0.001" classname="com.Ebranch.TestCases.eBranch_loginTest">
    <skipped/>
  </testcase> <!-- verifyPswdPlaceholder -->
  <testcase name="Login_PNBChannel" time="0.001" classname="com.Ebranch.TestCases.eBranch_loginTest">
    <skipped/>
  </testcase> <!-- Login_PNBChannel -->
</testsuite> <!-- PNB MetLife(failed) -->
